<?xml version="1.0" encoding="UTF-8"?>
<testsuite name="unit.JuitTestWhichRemove" tests="1" skipped="0" failures="0" errors="0" timestamp="2021-07-14T07:58:17" hostname="neyther" time="0.033">
  <properties/>
  <testcase name="wichRemove fun test3()" classname="unit.JuitTestWhichRemove" time="0.033"/>
  <system-out><![CDATA[]]></system-out>
  <system-err><![CDATA[]]></system-err>
</testsuite>
